<?xml version="1.0" encoding="UTF-8"?>
<!-- Generated by org.testng.reporters.JUnitReportReporter -->
<testsuite skipped="0" hostname="DESKTOP-ISRA4DV" name="kirkiri.kirkirione" tests="1" failures="0" timestamp="26 Dec 2018 10:24:17 GMT" time="0.016" errors="0">
  <testcase name="teesst" time="0.016" classname="kirkiri.kirkirione"/>
</testsuite> <!-- kirkiri.kirkirione -->
