<?xml version="1.0" encoding="UTF-8"?>
<!-- Generated by org.testng.reporters.JUnitReportReporter -->
<testsuite skipped="0" hostname="DESKTOP-ISRA4DV" name="kirkiri.two" tests="1" failures="0" timestamp="26 Dec 2018 11:13:44 GMT" time="0.015" errors="0">
  <testcase name="teesst" time="0.015" classname="kirkiri.two"/>
</testsuite> <!-- kirkiri.two -->
